(1776457906) 128#C0
(1776457906) 308#FFF906000000
(1776457906) 328#97B6000030
(1776457906) 181#492B2A04
(1776457906) 182#49352A04
(1776457906) 004#E000
(1776457906) 201#900000
(1776457906) 202#900000
(1776457906) 224#FF7FFF7FFF7FFF7F
(1776457906) 368#0000FFA09BA197A1
(1776457906) 388#30E40100
(1776457906) 3A8#C96D2B6DBD650268
(1776457906) 008#000003000000
(1776457906) 181#4AD72A05
(1776457906) 182#4AE02C05
(1776457906) 025#00
(1776457906) 182#27000006
(1776457906) 181#26000006
(1776457906) 181#27000007
(1776457906) 182#26000007
(1776457906) 004#E000
(1776457906) 201#900000
(1776457906) 202#900000
(1776457906) 224#FF7FFF7FFF7FFF7F
(1776457906) 008#000003000000
(1776457906) 025#00
(1776457906) 004#E000
(1776457906) 201#900000
(1776457906) 202#900000
(1776457906) 224#FF7FFF7FFF7FFF7F
(1776457906) 109#3C00
(1776457906) 025#00
(1776457907) 008#000003000000
(1776457907) 224#FF7FFF7FFF7FFF7F
(1776457907) 201#900000
(1776457907) 202#900000
(1776457907) 004#E000
(1776457907) 430#7C076D070000
(1776457907) 025#00
(1776457907) 008#000003000000
(1776457907) 32A#FF7F
(1776457907) 30A#FF7F
(1776457907) 004#E000
(1776457907) 201#900000
(1776457907) 202#900000
(1776457907) 224#FF7FFF7FFF7FFF7F
(1776457907) 025#00
(1776457907) 227#7E647676767575
(1776457907) 207#649F659F689F12
(1776457907) 305#79F26000759F6A9D
(1776457907) 325#300C0000000000
(1776457907) 008#000003000000
(1776457907) 181#40004281020B
(1776457907) 182#40004280020B
(1776457907) 004#E000
(1776457907) 201#900000
(1776457907) 202#900000
(1776457907) 224#FF7FFF7FFF7FFF7F
(1776457907) 025#00
(1776457907) 008#000003000000
(1776457907) 004#E000
(1776457907) 201#900000
(1776457907) 202#900000
(1776457907) 224#FF7FFF7FFF7FFF7F
(1776457907) 025#00
(1776457907) 008#000003000000
(1776457907) 004#E000
(1776457907) 046#80
(1776457908) 204#20
(1776457908) 201#900000
(1776457908) 202#900000
(1776457908) 224#FF7FFF7FFF7FFF7F
(1776457908) 025#40
(1776457908) 025#40
(1776457908) 025#40
(1776457908) 008#000003000000
(1776457908) 004#E000
(1776457908) 201#900000
(1776457908) 202#900000
(1776457908) 224#FF7FFF7FFF7FFF7F
(1776457908) 025#40
(1776457908) 005#00040000
(1776457908) 008#000003000000
(1776457908) 004#E000
(1776457908) 201#900000
(1776457908) 202#900000
(1776457908) 224#FF7FFF7FFF7FFF7F
(1776457908) 182#D80004000001
(1776457908) 181#D80004000001
(1776457908) 181#8F2000040002
(1776457908) 182#8F2000040002
(1776457908) 025#40
(1776457908) 005#00040000
(1776457908) 227#81767575757575
(1776457908) 207#649F699F6B9F15
(1776457908) 305#79F26000739F6A9D
(1776457908) 325#350C0000000000
(1776457908) 181#A8000003
(1776457908) 182#A8000003
(1776457908) 345#747700
(1776457908) 128#C0
(1776457908) 308#FFFD06000000
(1776457908) 328#ADB6000030
(1776457908) 181#492B2A04
(1776457908) 182#49342A04
(1776457908) 004#E000
(1776457908) 201#900000
(1776457908) 202#900000
(1776457909) 224#FF7FFF7FFF7FFF7F
(1776457909) 181#4AD72A05
(1776457909) 182#4ADD2C05
(1776457909) 025#40
(1776457909) 005#00040000
(1776457909) 368#0000E2A080A17EA1
(1776457909) 388#E0E30100
(1776457909) 3A8#FE6DF66C81643768
(1776457909) 3C8#CC8CFF7F
(1776457909) 461#0100000001
(1776457909) 182#27000006
(1776457909) 348#DA4F
(1776457909) 108#0001000100010001
(1776457909) 181#26000006
(1776457909) 181#27000007
(1776457909) 182#26000007
(1776457909) 008#000003000000
(1776457909) 025#40
(1776457909) 004#E000
(1776457909) 201#900000
(1776457909) 202#900000
(1776457909) 224#FF7FFF7FFF7FFF7F
(1776457909) 025#40
(1776457909) 008#000003000000
(1776457909) 109#3C00
(1776457909) 004#E000
(1776457909) 201#900000
(1776457909) 202#900000
(1776457909) 224#FF7FFF7FFF7FFF7F
(1776457909) 025#40
(1776457909) 008#000003000000
(1776457909) 004#E000
(1776457909) 201#900000
(1776457909) 202#900000
(1776457909) 224#FF7FFF7FFF7FFF7F
(1776457909) 025#40
(1776457910) 008#000003000000
(1776457910) 004#E000
(1776457910) 201#900000
(1776457910) 202#900000
(1776457910) 224#FF7FFF7FFF7FFF7F
(1776457910) 025#40
(1776457910) 227#84757575747574
(1776457910) 207#669F689F6B9F18
(1776457910) 305#59F2C715739F6A9D
(1776457910) 325#720C0500000000
(1776457910) 181#40004281020B
(1776457910) 182#40004280020B
(1776457910) 008#000003000000
(1776457910) 004#E000
(1776457910) 201#900000
(1776457910) 202#900000
(1776457910) 224#FF7FFF7FFF7FFF7F
(1776457910) 025#40
(1776457910) 004#E000
(1776457910) 201#900000
(1776457910) 202#900000
(1776457910) 224#FF7FFF7FFF7FFF7F
(1776457910) 008#000003000000
(1776457910) 025#40
(1776457910) 004#E000
(1776457910) 046#80
(1776457910) 204#20
(1776457910) 201#900000
(1776457910) 202#900000
(1776457910) 224#FF7FFF7FFF7FFF7F
(1776457910) 008#000003000000
(1776457910) 025#40
(1776457910) 004#E000
(1776457910) 201#900000
(1776457910) 202#900000
(1776457910) 224#FF7FFF7FFF7FFF7F
(1776457910) 008#000003000000
(1776457910) 025#40
(1776457910) 182#D80004000001
(1776457910) 004#E000
(1776457910) 201#900000
(1776457911) 202#900000
(1776457911) 224#FF7FFF7FFF7FFF7F
(1776457911) 181#D80004000001
(1776457911) 181#8F2000040002
(1776457911) 182#8F2000040002
(1776457911) 025#40
(1776457911) 227#87747574757575
(1776457911) 207#709F6E9F6C9F1B
(1776457911) 305#79F2181F729F679D
(1776457911) 325#630C0500000000
(1776457911) 181#A8000003
(1776457911) 182#A8000003
(1776457911) 345#747700
(1776457911) 128#C0
(1776457911) 308#1FE506000000
(1776457911) 328#97B6000030
(1776457911) 368#0000ECA08BA184A1
(1776457911) 388#FBE30100
(1776457911) 3A8#946DC16CBD65DE69
(1776457911) 181#492C2A04
(1776457911) 008#000003000000
(1776457911) 182#49342A04
(1776457911) 004#E000
(1776457911) 201#900000
(1776457911) 202#900000
(1776457911) 224#FF7FFF7FFF7FFF7F
(1776457911) 181#4ADA2A05
(1776457911) 182#4AE72C05
(1776457911) 025#40
(1776457911) 182#27000006
(1776457911) 181#26000006
(1776457911) 181#27020007
(1776457911) 182#26000007
(1776457911) 008#000003000000
(1776457911) 004#E000
(1776457911) 201#900000
(1776457911) 202#900000
(1776457911) 224#FF7FFF7FFF7FFF7F
(1776457911) 025#40
(1776457911) 004#E000
(1776457911) 201#900000
(1776457912) 202#900000
(1776457912) 224#FF7FFF7FFF7FFF7F
(1776457912) 008#000003000000
(1776457912) 025#40
(1776457912) 004#E000
(1776457912) 201#900000
(1776457912) 202#900000
(1776457912) 224#FF7FFF7FFF7FFF7F
(1776457912) 430#7D0730110000
(1776457912) 008#000003000000
(1776457912) 025#40
(1776457912) 004#E000
(1776457912) 201#900000
(1776457912) 202#900000
(1776457912) 224#FF7FFF7FFF7FFF7F
(1776457912) 008#000003000000
(1776457912) 025#40
(1776457912) 227#8A757575747474
(1776457912) 207#639F679F6B9F1E
(1776457912) 305#79F2E827739F689D
(1776457912) 325#680C0800000000
(1776457912) 109#3C00
(1776457912) 181#40004281020B
(1776457912) 182#40004280020B
(1776457912) 004#E000
(1776457912) 201#900000
(1776457912) 202#900000
(1776457912) 224#FF7FFF7FFF7FFF7F
(1776457912) 025#40
(1776457912) 008#000003000000
(1776457912) 004#E000
(1776457912) 201#900000
(1776457912) 202#900000
(1776457912) 224#FF7FFF7FFF7FFF7F
(1776457912) 025#40
(1776457912) 008#000003000000
(1776457912) 004#E000
(1776457912) 046#80
(1776457913) 204#20
(1776457913) 201#900000
(1776457913) 202#900000
(1776457913) 224#FF7FFF7FFF7FFF7F
(1776457913) 025#40
(1776457913) 008#000003000000
(1776457913) 025#40
(1776457913) 008#000003000000
(1776457913) 182#D80004000001
(1776457913) 181#D80004000001
(1776457913) 181#8F2000040002
(1776457913) 182#8F2000040002
(1776457913) 025#40
(1776457913) 227#8D747474747474
(1776457913) 207#639F699F6F9F21
(1776457913) 305#79F25830739F689D
(1776457913) 325#6D0C0B00000000
(1776457913) 181#A8000003
(1776457913) 182#A8000003
(1776457913) 345#747700
(1776457913) 128#C0
(1776457913) 308#1FE506000000
(1776457913) 247#00
(1776457913) 007#00
(1776457913) 307#000000
(1776457913) 328#C5B6000030
(1776457913) 441#0100000001
(1776457913) 181#492A2A04
(1776457913) 182#49342A04
(1776457913) 181#4AD32A05
(1776457913) 368#0000FCA097A192A1
(1776457913) 388#25E40100
(1776457913) 3A8#606D576C64679967
(1776457913) 182#4AE72C05
(1776457913) 008#000003000000
(1776457913) 025#40
(1776457913) 182#27000006
(1776457913) 181#26000006
(1776457913) 181#27000007
(1776457913) 182#26000007
(1776457914) 008#000003000000
(1776457914) 025#40
(1776457914) 025#40
(1776457914) 008#000003000000
(1776457914) 109#3C00
(1776457914) 025#40
(1776457914) 008#000003000000
(1776457914) 025#40
(1776457914) 227#90747474747473
(1776457914) 207#F39EE99EE89E24
(1776457914) 305#79F26638739F689D
(1776457914) 325#680C0B00000000
(1776457914) 008#000003000000
(1776457914) 004#E000
(1776457914) 201#900000
(1776457914) 202#900000
(1776457914) 224#FF7FFF7FFF7FFF7F
(1776457914) 181#40004281020B
(1776457914) 182#40004280020B
(1776457914) 025#40
(1776457914) 202#900000
(1776457914) 008#000003000000
(1776457914) 004#E000
(1776457914) 201#900000
(1776457914) 224#FF7FFF7FFF7FFF7F
(1776457914) 025#40
(1776457914) 004#E000
(1776457914) 201#900000
(1776457914) 202#900000
(1776457914) 224#FF7FFF7FFF7FFF7F
(1776457914) 008#000003000000
(1776457914) 204#20
(1776457914) 046#80
(1776457914) 025#40
(1776457914) 004#E000
(1776457914) 201#900000
(1776457914) 202#900000
(1776457914) 224#FF7FFF7FFF7FFF7F
(1776457914) 008#000003000000
(1776457914) 025#40
(1776457914) 004#E000
(1776457915) 201#900000
(1776457915) 202#900000
(1776457915) 224#FF7FFF7FFF7FFF7F
(1776457915) 182#D80004000001
