(1776457917) 227#99757575757575
(1776457917) 207#EC9EED9EEE9E2D
(1776457917) 305#79F26E4E729F699D
(1776457917) 325#680C1000000000
(1776457917) 181#A8000003
(1776457917) 182#A8000003
(1776457918) 345#747700
(1776457918) 128#C0
(1776457918) 308#1FE506000000
(1776457918) 328#97B6000030
(1776457918) 004#E000
(1776457918) 201#900000
(1776457918) 202#900000
(1776457918) 224#FF7FFF7FFF7FFF7F
(1776457918) 181#492A2A04
(1776457918) 182#49362A04
(1776457918) 181#4AD52A05
(1776457918) 182#4AE12C05
(1776457918) 368#0000FCA09BA196A1
(1776457918) 388#2DE40100
(1776457918) 3A8#F66C576C4C642F67
(1776457918) 008#000003000000
(1776457918) 025#40
(1776457918) 182#27000006
(1776457918) 181#26000006
(1776457918) 181#27000007
(1776457918) 182#26000007
(1776457918) 004#E000
(1776457918) 201#900000
(1776457918) 202#900000
(1776457918) 224#FF7FFF7FFF7FFF7F
(1776457918) 109#3C00
(1776457918) 025#40
(1776457918) 008#000003000000
(1776457918) 202#900000
(1776457918) 004#E000
(1776457918) 201#900000
(1776457918) 224#FF7FFF7FFF7FFF7F
(1776457918) 025#40
(1776457918) 008#000003000000
(1776457918) 004#E000
(1776457918) 201#900000
(1776457919) 202#900000
(1776457919) 224#FF7FFF7FFF7FFF7F
(1776457919) 025#40
(1776457919) 008#000003000000
(1776457919) 004#E000
(1776457919) 201#900000
(1776457919) 202#900000
(1776457919) 224#FF7FFF7FFF7FFF7F
(1776457919) 025#40
(1776457919) 227#9C757575747575
(1776457919) 207#EE9EED9EEE9E30
(1776457919) 305#79F21A55729F689D
(1776457919) 325#680C1100000000
(1776457919) 008#000003000000
(1776457919) 004#E000
(1776457919) 201#900000
(1776457919) 202#900000
(1776457919) 224#FF7FFF7FFF7FFF7F
(1776457919) 181#40004281020B
(1776457919) 182#40004280020B
(1776457919) 025#40
(1776457919) 004#E000
(1776457919) 201#900000
(1776457919) 202#900000
(1776457919) 224#FF7FFF7FFF7FFF7F
(1776457919) 008#000003000000
(1776457919) 025#40
(1776457919) 004#E000
(1776457919) 201#900000
(1776457919) 202#900000
(1776457919) 224#FF7FFF7FFF7FFF7F
(1776457919) 008#000003000000
(1776457919) 204#20
(1776457919) 046#80
(1776457919) 025#40
(1776457919) 32A#FF7F
(1776457919) 30A#FF7F
(1776457919) 004#E000
(1776457920) 201#900000
(1776457920) 202#900000
(1776457920) 224#FF7FFF7FFF7FFF7F
(1776457920) 008#000003000000
(1776457920) 025#40
(1776457920) 004#E000
(1776457920) 201#900000
(1776457920) 202#900000
(1776457920) 224#FF7FFF7FFF7FFF7F
(1776457920) 182#D80004000001
(1776457920) 181#D80004000001
(1776457920) 181#8F2000040002
(1776457920) 182#8F2000040002
(1776457920) 025#40
(1776457920) 227#9F747575747475
(1776457920) 207#ED9EEC9EE59E33
(1776457920) 305#79F2865B739F6A9D
(1776457920) 325#680C1300000000
(1776457920) 368#0000FDA09CA195A1
(1776457920) 388#2EE40100
(1776457920) 181#A8000003
(1776457920) 108#0001000100010001
(1776457920) 3A8#2B6D8C6CBD65CE67
(1776457920) 182#A8000003
(1776457920) 008#000003000000
(1776457920) 345#747700
(1776457920) 128#C0
(1776457920) 308#1FE506000000
(1776457920) 328#A2B6000030
(1776457920) 004#E000
(1776457920) 201#900000
(1776457920) 202#900000
(1776457920) 224#FF7FFF7FFF7FFF7F
(1776457920) 181#492A2A04
(1776457920) 182#49362A04
(1776457920) 181#4AD62A05
(1776457920) 182#4AE82C05
(1776457921) 025#40
(1776457921) 182#27FFFF06
(1776457921) 181#26000006
(1776457921) 181#27000007
(1776457921) 182#26000007
(1776457921) 008#000003000000
(1776457921) 004#E000
(1776457921) 201#900000
(1776457921) 202#900000
(1776457921) 224#FF7FFF7FFF7FFF7F
(1776457921) 109#3C00
(1776457921) 025#40
(1776457921) 224#FF7FFF7FFF7FFF7F
(1776457921) 202#900000
(1776457921) 201#900000
(1776457921) 004#E000
(1776457921) 008#000003000000
(1776457921) 025#40
(1776457921) 004#E000
(1776457921) 201#900000
(1776457921) 202#900000
(1776457921) 224#FF7FFF7FFF7FFF7F
(1776457921) 430#7F07EC2A0000
(1776457921) 008#000003000000
(1776457921) 025#40
(1776457921) 004#E000
(1776457921) 201#900000
(1776457921) 202#900000
(1776457921) 224#FF7FFF7FFF7FFF7F
(1776457921) 008#000003000000
(1776457921) 025#40
(1776457921) 227#A2747475757574
(1776457921) 207#649F5C9F649F36
(1776457921) 305#79F29161739F6A9D
(1776457921) 325#630C1200000000
(1776457921) 004#E000
(1776457921) 201#900000
(1776457921) 202#900000
(1776457921) 224#FF7FFF7FFF7FFF7F
(1776457922) 181#40004281020B
(1776457922) 182#40004280020B
(1776457922) 008#000003000000
(1776457922) 025#40
(1776457922) 008#000003000000
(1776457922) 025#40
(1776457922) 008#000003000000
(1776457922) 025#40
(1776457922) 309#40
(1776457922) 025#00
(1776457922) 309#40
(1776457922) 008#000003000000
(1776457922) 025#00
(1776457922) 227#78767676767676
(1776457922) 207#709F669F659F0C
(1776457922) 305#79F2A100749F699D
(1776457922) 325#350C0000000000
(1776457922) 309#40
(1776457922) 181#40004281020B
(1776457922) 182#40004280020B
(1776457922) 008#000003000000
(1776457922) 025#00
(1776457922) 309#40
(1776457922) 025#00
(1776457922) 008#000003000000
(1776457922) 004#E000
(1776457922) 046#00
(1776457922) 204#00
(1776457922) 201#900000
(1776457922) 202#900000
(1776457922) 224#FF7FFF7FFF7FFF7F
(1776457922) 025#00
(1776457922) 008#000003000000
(1776457922) 004#E000
(1776457922) 201#900000
(1776457922) 202#900000
(1776457922) 224#FF7FFF7FFF7FFF7F
(1776457923) 025#00
(1776457923) 008#000003000000
(1776457923) 121#1A00
(1776457923) 421#01000000E5
(1776457923) 004#E000
(1776457923) 201#900000
(1776457923) 202#900000
(1776457923) 224#FF7FFF7FFF7FFF7F
(1776457923) 182#D80004000001
(1776457923) 181#D80004000001
(1776457923) 181#8F2000040002
(1776457923) 025#00
(1776457923) 182#8F2000040002
(1776457923) 227#7B767676647676
(1776457923) 207#649F649F659F0F
(1776457923) 305#79F28000739F6A9D
(1776457923) 325#300C0000000000
(1776457923) 181#A8000003
(1776457923) 182#A8000003
(1776457923) 345#747700
(1776457923) 128#C0
(1776457923) 308#FFF906000000
(1776457923) 328#97B6000030
(1776457923) 181#492B2A04
(1776457923) 182#49352A04
(1776457923) 004#E000
(1776457923) 201#900000
(1776457923) 202#900000
(1776457923) 224#FF7FFF7FFF7FFF7F
(1776457923) 368#0000FFA09BA197A1
(1776457923) 388#30E40100
(1776457923) 3A8#C96D2B6DBD650268
(1776457923) 008#000003000000
(1776457923) 181#4AD72A05
(1776457923) 182#4AE02C05
(1776457923) 025#00
(1776457923) 182#27000006
(1776457924) 181#26000006
(1776457924) 181#27000007
(1776457924) 182#26000007
(1776457924) 004#E000
(1776457924) 201#900000
(1776457924) 202#900000
(1776457924) 224#FF7FFF7FFF7FFF7F
(1776457924) 008#000003000000
(1776457924) 025#00
(1776457924) 004#E000
(1776457924) 201#900000
(1776457924) 202#900000
(1776457924) 224#FF7FFF7FFF7FFF7F
(1776457924) 109#3C00
(1776457924) 025#00
(1776457924) 008#000003000000
(1776457924) 224#FF7FFF7FFF7FFF7F
(1776457924) 201#900000
(1776457924) 202#900000
(1776457924) 004#E000
(1776457924) 430#7C076D070000
(1776457924) 025#00
(1776457924) 008#000003000000
(1776457924) 32A#FF7F
(1776457924) 30A#FF7F
(1776457924) 004#E000
(1776457924) 201#900000
(1776457924) 202#900000
(1776457924) 224#FF7FFF7FFF7FFF7F
(1776457924) 025#00
(1776457924) 227#7E647676767575
(1776457924) 207#649F659F689F12
(1776457924) 305#79F26000759F6A9D
(1776457924) 325#300C0000000000
(1776457924) 008#000003000000
(1776457924) 181#40004281020B
(1776457924) 182#40004280020B
(1776457924) 004#E000
(1776457924) 201#900000
(1776457924) 202#900000
(1776457924) 224#FF7FFF7FFF7FFF7F
(1776457924) 025#00
(1776457924) 008#000003000000
(1776457924) 004#E000
(1776457925) 201#900000
(1776457925) 202#900000
(1776457925) 224#FF7FFF7FFF7FFF7F
(1776457925) 025#00
(1776457925) 008#000003000000
(1776457925) 004#E000
(1776457925) 046#80
(1776457925) 204#20
(1776457925) 201#900000
(1776457925) 202#900000
(1776457925) 224#FF7FFF7FFF7FFF7F
(1776457925) 025#40
(1776457925) 025#40
(1776457925) 025#40
(1776457925) 008#000003000000
(1776457925) 004#E000
(1776457925) 201#900000
(1776457925) 202#900000
(1776457925) 224#FF7FFF7FFF7FFF7F
(1776457925) 025#40
(1776457925) 005#00040000
(1776457925) 008#000003000000
(1776457925) 004#E000
(1776457925) 201#900000
(1776457925) 202#900000
