(1776457928) 202#900000
(1776457928) 224#FF7FFF7FFF7FFF7F
(1776457928) 181#D80004000001
(1776457928) 181#8F2000040002
(1776457928) 182#8F2000040002
(1776457928) 025#40
(1776457928) 227#87747574757575
(1776457928) 207#709F6E9F6C9F1B
(1776457928) 305#79F2181F729F679D
(1776457928) 325#630C0500000000
(1776457928) 181#A8000003
(1776457928) 182#A8000003
(1776457928) 345#747700
(1776457928) 128#C0
(1776457928) 308#1FE506000000
(1776457928) 328#97B6000030
(1776457928) 368#0000ECA08BA184A1
(1776457928) 388#FBE30100
(1776457928) 3A8#946DC16CBD65DE69
(1776457928) 181#492C2A04
(1776457928) 008#000003000000
(1776457928) 182#49342A04
(1776457928) 004#E000
(1776457928) 201#900000
(1776457928) 202#900000
(1776457929) 224#FF7FFF7FFF7FFF7F
(1776457929) 181#4ADA2A05
(1776457929) 182#4AE72C05
(1776457929) 025#40
(1776457929) 182#27000006
(1776457929) 181#26000006
(1776457929) 181#27020007
(1776457929) 182#26000007
(1776457929) 008#000003000000
(1776457929) 004#E000
(1776457929) 201#900000
(1776457929) 202#900000
(1776457929) 224#FF7FFF7FFF7FFF7F
(1776457929) 025#40
(1776457929) 004#E000
(1776457929) 201#900000
(1776457929) 202#900000
(1776457929) 224#FF7FFF7FFF7FFF7F
(1776457929) 008#000003000000
(1776457929) 025#40
(1776457929) 004#E000
(1776457929) 201#900000
(1776457929) 202#900000
(1776457929) 224#FF7FFF7FFF7FFF7F
(1776457929) 430#7D0730110000
(1776457929) 008#000003000000
(1776457929) 025#40
(1776457929) 004#E000
(1776457929) 201#900000
(1776457929) 202#900000
(1776457929) 224#FF7FFF7FFF7FFF7F
(1776457929) 008#000003000000
(1776457929) 025#40
(1776457929) 227#8A757575747474
(1776457929) 207#639F679F6B9F1E
(1776457929) 305#79F2E827739F689D
(1776457929) 325#680C0800000000
(1776457929) 109#3C00
(1776457930) 181#40004281020B
(1776457930) 182#40004280020B
(1776457930) 004#E000
(1776457930) 201#900000
(1776457930) 202#900000
(1776457930) 224#FF7FFF7FFF7FFF7F
(1776457930) 025#40
(1776457930) 008#000003000000
(1776457930) 004#E000
(1776457930) 201#900000
(1776457930) 202#900000
(1776457930) 224#FF7FFF7FFF7FFF7F
(1776457930) 025#40
(1776457930) 008#000003000000
(1776457930) 004#E000
(1776457930) 046#80
(1776457930) 204#20
(1776457930) 201#900000
(1776457930) 202#900000
(1776457930) 224#FF7FFF7FFF7FFF7F
(1776457930) 025#40
(1776457930) 008#000003000000
(1776457930) 025#40
(1776457930) 008#000003000000
(1776457930) 182#D80004000001
(1776457930) 181#D80004000001
(1776457930) 181#8F2000040002
(1776457930) 182#8F2000040002
(1776457930) 025#40
(1776457930) 227#8D747474747474
(1776457930) 207#639F699F6F9F21
(1776457930) 305#79F25830739F689D
(1776457930) 325#6D0C0B00000000
(1776457930) 181#A8000003
(1776457930) 182#A8000003
(1776457930) 345#747700
(1776457930) 128#C0
(1776457930) 308#1FE506000000
(1776457931) 247#00
(1776457931) 007#00
(1776457931) 307#000000
(1776457931) 328#C5B6000030
(1776457931) 441#0100000001
(1776457931) 181#492A2A04
(1776457931) 182#49342A04
(1776457931) 181#4AD32A05
(1776457931) 368#0000FCA097A192A1
(1776457931) 388#25E40100
(1776457931) 3A8#606D576C64679967
(1776457931) 182#4AE72C05
(1776457931) 008#000003000000
(1776457931) 025#40
(1776457931) 182#27000006
(1776457931) 181#26000006
(1776457931) 181#27000007
(1776457931) 182#26000007
(1776457931) 008#000003000000
(1776457931) 025#40
(1776457931) 025#40
(1776457931) 008#000003000000
(1776457931) 109#3C00
(1776457931) 025#40
(1776457931) 008#000003000000
(1776457931) 025#40
(1776457931) 227#90747474747473
(1776457931) 207#F39EE99EE89E24
(1776457931) 305#79F26638739F689D
(1776457931) 325#680C0B00000000
(1776457931) 008#000003000000
(1776457931) 004#E000
(1776457931) 201#900000
(1776457931) 202#900000
(1776457931) 224#FF7FFF7FFF7FFF7F
(1776457931) 181#40004281020B
(1776457931) 182#40004280020B
(1776457931) 025#40
(1776457931) 202#900000
(1776457931) 008#000003000000
(1776457932) 004#E000
(1776457932) 201#900000
(1776457932) 224#FF7FFF7FFF7FFF7F
(1776457932) 025#40
(1776457932) 004#E000
(1776457932) 201#900000
(1776457932) 202#900000
(1776457932) 224#FF7FFF7FFF7FFF7F
(1776457932) 008#000003000000
(1776457932) 204#20
(1776457932) 046#80
(1776457932) 025#40
(1776457932) 004#E000
(1776457932) 201#900000
(1776457932) 202#900000
(1776457932) 224#FF7FFF7FFF7FFF7F
(1776457932) 008#000003000000
(1776457932) 025#40
(1776457932) 004#E000
(1776457932) 201#900000
(1776457932) 202#900000
(1776457932) 224#FF7FFF7FFF7FFF7F
(1776457932) 182#D80004000001
(1776457932) 008#000003000000
(1776457932) 181#D80004000001
(1776457932) 181#8F2000040002
(1776457932) 182#8F2000040002
(1776457932) 025#40
(1776457932) 227#937474736F7575
(1776457932) 207#E79ECE9EC29E27
(1776457932) 305#79F21440729F689D
(1776457932) 325#680C0D00000000
(1776457932) 181#A8000003
(1776457932) 182#A8000003
(1776457932) 345#747700
(1776457932) 128#C0
(1776457932) 308#1FE506000000
(1776457932) 328#9FB6000030
(1776457932) 224#FF7FFF7FFF7FFF7F
(1776457933) 202#900000
(1776457933) 201#900000
(1776457933) 004#E000
(1776457933) 181#49292A04
(1776457933) 182#49342A04
(1776457933) 181#4AD92A05
(1776457933) 182#4AE42C05
(1776457933) 025#40
(1776457933) 182#27FEFF06
(1776457933) 368#0000F7A094A18FA1
(1776457933) 388#19E40100
(1776457933) 3A8#946D2B6DF2652766
(1776457933) 181#26000006
(1776457933) 181#27010007
(1776457933) 008#000003000000
(1776457933) 182#26000007
(1776457933) 004#E000
(1776457933) 201#900000
(1776457933) 202#900000
(1776457933) 224#FF7FFF7FFF7FFF7F
(1776457933) 109#3C00
(1776457933) 008#000003000000
(1776457933) 025#40
(1776457933) 004#E000
(1776457933) 201#900000
(1776457933) 202#900000
(1776457933) 224#FF7FFF7FFF7FFF7F
(1776457933) 008#000003000000
(1776457933) 025#40
(1776457933) 004#E000
(1776457933) 201#900000
(1776457933) 202#900000
(1776457933) 224#FF7FFF7FFF7FFF7F
(1776457933) 430#7E073B1F0000
(1776457933) 008#000003000000
(1776457933) 025#40
(1776457933) 224#FF7FFF7FFF7FFF7F
(1776457933) 202#900000
(1776457933) 201#900000
(1776457933) 004#E000
(1776457933) 025#40
(1776457933) 008#000003000000
(1776457933) 207#EE9EEF9EEF9E2A
(1776457934) 227#966F7575757575
(1776457934) 305#79F26147729F699D
(1776457934) 325#680C0E00000000
(1776457934) 004#E000
(1776457934) 201#900000
(1776457934) 202#900000
(1776457934) 224#FF7FFF7FFF7FFF7F
(1776457934) 181#40004281020B
(1776457934) 182#40004280020B
(1776457934) 025#40
(1776457934) 008#000003000000
(1776457934) 004#E000
(1776457934) 201#900000
(1776457934) 202#900000
(1776457934) 224#FF7FFF7FFF7FFF7F
(1776457934) 025#40
(1776457934) 008#000003000000
(1776457934) 004#E000
(1776457934) 201#900000
(1776457934) 202#900000
(1776457934) 224#FF7FFF7FFF7FFF7F
(1776457934) 204#20
(1776457934) 046#80
(1776457934) 025#40
(1776457934) 008#000003000000
(1776457934) 202#900000
(1776457934) 004#E000
(1776457934) 201#900000
(1776457934) 224#FF7FFF7FFF7FFF7F
(1776457934) 025#40
(1776457934) 004#E000
(1776457934) 201#900000
(1776457934) 202#900000
(1776457934) 224#FF7FFF7FFF7FFF7F
(1776457934) 008#000003000000
(1776457934) 182#D80004000001
(1776457934) 181#D80004000001
(1776457934) 181#8F2000040002
(1776457934) 182#8F2000040002
(1776457934) 025#40
(1776457934) 227#99757575757575
(1776457935) 207#EC9EED9EEE9E2D
(1776457935) 305#79F26E4E729F699D
(1776457935) 325#680C1000000000
(1776457935) 181#A8000003
(1776457935) 182#A8000003
(1776457935) 345#747700
(1776457935) 128#C0
(1776457935) 308#1FE506000000
(1776457935) 328#97B6000030
(1776457935) 004#E000
(1776457935) 201#900000
(1776457935) 202#900000
(1776457935) 224#FF7FFF7FFF7FFF7F
(1776457935) 181#492A2A04
(1776457935) 182#49362A04
(1776457935) 181#4AD52A05
(1776457935) 182#4AE12C05
(1776457935) 368#0000FCA09BA196A1
(1776457935) 388#2DE40100
(1776457935) 3A8#F66C576C4C642F67
(1776457935) 008#000003000000
(1776457935) 025#40
(1776457935) 182#27000006
(1776457935) 181#26000006
(1776457935) 181#27000007
(1776457935) 182#26000007
(1776457935) 004#E000
(1776457935) 201#900000
(1776457935) 202#900000
(1776457935) 224#FF7FFF7FFF7FFF7F
(1776457935) 109#3C00
(1776457935) 025#40
(1776457935) 008#000003000000
(1776457935) 202#900000
(1776457936) 004#E000
